\BOOKMARK [0][-]{chapter*.2}{\376\377\000S\000p\000e\000c\000i\000f\000i\000c\000h\000e\000\040\000d\000i\000\040\000p\000r\000o\000g\000e\000t\000t\000o}{}% 1
\BOOKMARK [0][-]{chapter*.3}{\376\377\000A\000r\000c\000h\000i\000t\000e\000t\000t\000u\000r\000a\000\040\000d\000e\000l\000\040\000s\000i\000s\000t\000e\000m\000a}{}% 2
\BOOKMARK [1][-]{section*.4}{\376\377\000F\000P\000G\000A\000\040\000C\000y\000c\000l\000o\000n\000e\000\040\000I\000I\000I}{chapter*.3}% 3
\BOOKMARK [1][-]{section*.6}{\376\377\000R\000a\000s\000p\000b\000e\000r\000r\000y\000\040\000P\000i\000\040\000M\000o\000d\000e\000l\000\040\0002\000B}{chapter*.3}% 4
\BOOKMARK [0][-]{chapter*.8}{\376\377\000S\000t\000r\000u\000t\000t\000u\000r\000a\000\040\000d\000e\000l\000\040\000m\000o\000l\000t\000i\000p\000l\000i\000c\000a\000t\000o\000r\000e\000\040\0001\0006\000x\0001\0006\000\040\000b\000i\000t}{}% 5
\BOOKMARK [1][-]{section*.9}{\376\377\000C\000o\000m\000e\000\040\000f\000u\000n\000z\000i\000o\000n\000a\000\040\000l\000'\000a\000l\000g\000o\000r\000i\000t\000m\000o}{chapter*.8}% 6
\BOOKMARK [1][-]{section*.13}{\376\377\000D\000e\000s\000c\000r\000i\000z\000i\000o\000n\000e\000\040\000d\000e\000l\000l\000'\000a\000l\000g\000o\000r\000i\000t\000m\000o\000\040\000d\000i\000\040\000m\000o\000l\000t\000i\000p\000l\000i\000c\000a\000z\000i\000o\000n\000e}{chapter*.8}% 7
\BOOKMARK [2][-]{section*.14}{\376\377\000M\000o\000t\000i\000v\000a\000z\000i\000o\000n\000i\000\040\000d\000e\000l\000l\000a\000\040\000d\000i\000m\000e\000n\000s\000i\000o\000n\000e\000\040\000d\000e\000i\000\040\000d\000a\000t\000i}{section*.13}% 8
\BOOKMARK [0][-]{chapter*.15}{\376\377\000P\000r\000o\000g\000e\000t\000t\000a\000z\000i\000o\000n\000e\000\040\000e\000\040\000i\000m\000p\000l\000e\000m\000e\000n\000t\000a\000z\000i\000o\000n\000e\000\040\000i\000n\000\040\000V\000H\000D\000L}{}% 9
\BOOKMARK [0][-]{section*.16}{\376\377\000D\000e\000s\000c\000r\000i\000z\000i\000o\000n\000e\000\040\000d\000e\000l\000\040\000l\000i\000n\000g\000u\000a\000g\000g\000i\000o\000\040\000V\000H\000D\000L}{}% 10
\BOOKMARK [1][-]{section*.17}{\376\377\000C\000o\000d\000i\000c\000e\000\040\000i\000m\000p\000l\000e\000m\000e\000n\000t\000a\000t\000o}{section*.16}% 11
\BOOKMARK [2][-]{section*.18}{\376\377\000A\000p\000p\000r\000o\000c\000c\000i\000o\000\040\000d\000i\000\040\000p\000r\000o\000g\000e\000t\000t\000a\000z\000i\000o\000n\000e}{section*.17}% 12
\BOOKMARK [0][-]{chapter*.19}{\376\377\000S\000i\000m\000u\000l\000a\000z\000i\000o\000n\000e\000\040\000e\000\040\000v\000e\000r\000i\000f\000i\000c\000a}{}% 13
\BOOKMARK [0][-]{section*.20}{\376\377\000I\000n\000t\000r\000o\000d\000u\000z\000i\000o\000n\000e\000\040\000a\000l\000l\000a\000\040\000S\000i\000m\000u\000l\000a\000z\000i\000o\000n\000e\000\040\000c\000o\000n\000\040\000A\000l\000t\000e\000r\000a\000\040\000M\000o\000d\000e\000l\000S\000i\000m\000\040\000p\000e\000r\000\040\000l\000'\000A\000r\000c\000h\000i\000t\000e\000c\000t\000u\000r\000e\000\040\000"\000b\000a\000s\000i\000c\000\137\000m\000u\000l\000t\000"}{}% 14
\BOOKMARK [1][-]{section*.21}{\376\377\000D\000e\000t\000t\000a\000g\000l\000i\000\040\000d\000e\000l\000l\000o\000\040\000s\000c\000r\000i\000p\000t\000\040\000d\000i\000\040\000s\000i\000m\000u\000l\000a\000z\000i\000o\000n\000e}{section*.20}% 15
\BOOKMARK [0][-]{chapter*.29}{\376\377\000S\000i\000n\000t\000e\000s\000i\000\040\000e\000\040\000i\000m\000p\000l\000e\000m\000e\000n\000t\000a\000z\000i\000o\000n\000e}{}% 16
\BOOKMARK [1][-]{section*.30}{\376\377\000M\000o\000d\000u\000l\000o\000\040\000b\000a\000s\000i\000c\000\137\000m\000u\000l\000t}{chapter*.29}% 17
\BOOKMARK [2][-]{section*.31}{\376\377\000F\000a\000s\000e\000\040\000d\000i\000\040\000i\000m\000p\000l\000e\000m\000e\000n\000t\000a\000z\000i\000o\000n\000e}{section*.30}% 18
\BOOKMARK [2][-]{section*.39}{\376\377\000F\000a\000s\000e\000\040\000d\000i\000\040\000s\000i\000n\000t\000e\000s\000i}{section*.30}% 19
\BOOKMARK [1][-]{section*.46}{\376\377\000M\000o\000d\000u\000l\000o\000\040\000S\000P\000I}{chapter*.29}% 20
\BOOKMARK [2][-]{section*.47}{\376\377\000F\000a\000s\000e\000\040\000d\000i\000\040\000i\000m\000p\000l\000e\000m\000e\000n\000t\000a\000z\000i\000o\000n\000e}{section*.46}% 21
\BOOKMARK [2][-]{section*.52}{\376\377\000F\000a\000s\000e\000\040\000d\000i\000\040\000s\000i\000n\000t\000e\000s\000i}{section*.46}% 22
\BOOKMARK [0][-]{chapter*.54}{\376\377\000P\000r\000o\000g\000r\000a\000m\000m\000a\000z\000i\000o\000n\000e\000\040\000d\000i\000\040\000R\000a\000s\000p\000b\000e\000r\000r\000y\000P\000i\000\040\000u\000t\000i\000l\000i\000z\000z\000a\000n\000d\000o\000\040\000M\000A\000T\000L\000A\000B\000\040\000S\000i\000m\000u\000l\000i\000n\000k}{}% 23
\BOOKMARK [1][-]{section*.55}{\376\377\000R\000u\000o\000l\000o\000\040\000d\000i\000\040\000M\000A\000T\000L\000A\000B\000\040\000S\000i\000m\000u\000l\000i\000n\000k\000\040\000n\000e\000l\000\040\000p\000r\000o\000g\000e\000t\000t\000o}{chapter*.54}% 24
\BOOKMARK [1][-]{section*.57}{\376\377\000C\000o\000n\000f\000i\000g\000u\000r\000a\000z\000i\000o\000n\000e\000\040\000e\000\040\000c\000o\000m\000u\000n\000i\000c\000a\000z\000i\000o\000n\000e\000\040\000c\000o\000n\000\040\000R\000a\000s\000p\000b\000e\000r\000r\000y\000P\000i}{chapter*.54}% 25
\BOOKMARK [2][-]{section*.60}{\376\377\000F\000u\000n\000z\000i\000o\000n\000a\000m\000e\000n\000t\000o\000\040\000d\000e\000l\000l\000a\000\040\000c\000o\000m\000u\000n\000i\000c\000a\000z\000i\000o\000n\000e\000\040\000S\000P\000I}{section*.57}% 26
\BOOKMARK [0][-]{chapter*.63}{\376\377\000V\000i\000s\000u\000a\000l\000i\000z\000z\000a\000z\000i\000o\000n\000e\000\040\000d\000e\000l\000\040\000d\000a\000t\000o\000\040\000i\000n\000\040\000r\000e\000t\000e}{}% 27
\BOOKMARK [0][-]{chapter*.65}{\376\377\000R\000i\000s\000u\000l\000t\000a\000t\000i\000\040\000s\000p\000e\000r\000i\000m\000e\000n\000t\000a\000l\000i}{}% 28
\BOOKMARK [1][-]{section*.66}{\376\377\000S\000t\000u\000d\000i\000o\000\040\000c\000o\000m\000p\000o\000r\000t\000a\000m\000e\000n\000t\000a\000l\000e}{chapter*.65}% 29
\BOOKMARK [1][-]{section*.68}{\376\377\000A\000n\000a\000l\000i\000s\000i\000\040\000t\000e\000m\000p\000o\000r\000a\000l\000e}{chapter*.65}% 30
\BOOKMARK [1][-]{section*.71}{\376\377\000A\000n\000a\000l\000i\000s\000i\000\040\000d\000e\000l\000\040\000s\000i\000s\000t\000e\000m\000a\000\040\000c\000o\000n\000\040\000S\000i\000g\000n\000a\000l\000T\000a\000p\000\040\000L\000o\000g\000i\000c\000\040\000A\000n\000a\000l\000i\000z\000e\000r}{chapter*.65}% 31
\BOOKMARK [0][-]{chapter*.74}{\376\377\000C\000o\000n\000c\000l\000u\000s\000i\000o\000n\000i}{}% 32
